synthesis:  version Radiant Software (64-bit) 3.2.0.18.0

Copyright (c) 1991-1994 by NeoCAD Inc. All rights reserved.
Copyright (c) 1995 AT&T Corp.   All rights reserved.
Copyright (c) 1995-2001 Lucent Technologies Inc.  All rights reserved.
Copyright (c) 2001 Agere Systems   All rights reserved.
Copyright (c) 2002-2022 Lattice Semiconductor Corporation,  All rights reserved.
Thu Nov 30 15:28:42 2023


Command Line:  C:\lscc\radiant\3.2\ispfpga\bin\nt64\synthesis.exe -f matrix_driver_ms_impl_1_lattice.synproj -gui -msgset C:/Users/msusanto/Desktop/matrix_driver_ms-20231130T225944Z-001/matrix_driver_ms/promote.xml 

Synthesis options:
The -a option is iCE40UP.
The -t option is SG48.
The -sp option is High-Performance_1.2V.
The -p option is iCE40UP5K.
                                                          


##########################################################


### Lattice Family     : iCE40UP


### Device             : iCE40UP5K


### Package            : SG48


### Performance Grade  : High-Performance_1.2V


                                                         


INFO - synthesis: User-Selected Strategy Settings
Optimization goal = Area
Top-level module name = displaydriver_top.
Target frequency = 200.000000 MHz.
Maximum fanout = 1000.
Timing path count = 3
RWCheckOnRam = 0

BRAM utilization = 100.000000 %
DSP usage = true
DSP utilization = 100.000000 %
fsm_encoding_style = auto
resolve_mixed_drivers = 0
fix_gated_clocks = 1


Mux style = auto (Default)
Use Carry Chain = true
carry_chain_length = 0
Loop Limit = 1950.
Use IO Insertion = TRUE
Use IO Reg = AUTO

Resource Sharing = TRUE
Propagate Constants = TRUE
Remove Duplicate Registers = TRUE
Output HDL file name = matrix_driver_ms_impl_1.vm.
ROM style = auto
RAM style = auto
The -comp option is FALSE.
The -syn option is FALSE.
-path C:/Users/msusanto/Desktop/matrix_driver_ms-20231130T225944Z-001/matrix_driver_ms (searchpath added)
-path C:/Users/msusanto/Desktop/matrix_driver_ms-20231130T225944Z-001/matrix_driver_ms/impl_1 (searchpath added)
-path C:/lscc/radiant/3.2/ispfpga/ice40tp/data (searchpath added)
Mixed language design
Verilog design file = C:/lscc/radiant/3.2/ip/pmi/pmi_iCE40UP.v
Verilog design file = C:/Users/msusanto/Desktop/matrix_driver_ms-20231130T225944Z-001/matrix_driver_ms/source/impl_1/writedisplay.sv
Verilog design file = C:/Users/msusanto/Desktop/matrix_driver_ms-20231130T225944Z-001/matrix_driver_ms/source/impl_1/counter.sv
Verilog design file = C:/Users/msusanto/Desktop/matrix_driver_ms-20231130T225944Z-001/matrix_driver_ms/source/impl_1/shftreg.sv
Verilog design file = C:/Users/msusanto/Desktop/matrix_driver_ms-20231130T225944Z-001/matrix_driver_ms/source/impl_1/spireceiver.sv
Verilog design file = C:/Users/msusanto/Desktop/matrix_driver_ms-20231130T225944Z-001/matrix_driver_ms/source/impl_1/controller.sv
Verilog design file = C:/Users/msusanto/Desktop/matrix_driver_ms-20231130T225944Z-001/matrix_driver_ms/source/impl_1/decoder.sv
Verilog design file = C:/Users/msusanto/Desktop/matrix_driver_ms-20231130T225944Z-001/matrix_driver_ms/source/impl_1/displaydriver.sv
VHDL library = pmi
VHDL design file = C:/lscc/radiant/3.2/ip/pmi/pmi_iCE40UP.vhd
WARNING - synthesis: Unexpected file name extension for Verilog file c:/users/msusanto/desktop/matrix_driver_ms-20231130t225944z-001/matrix_driver_ms/source/impl_1/writedisplay.sv.
WARNING - synthesis: Unexpected file name extension for Verilog file c:/users/msusanto/desktop/matrix_driver_ms-20231130t225944z-001/matrix_driver_ms/source/impl_1/counter.sv.
WARNING - synthesis: Unexpected file name extension for Verilog file c:/users/msusanto/desktop/matrix_driver_ms-20231130t225944z-001/matrix_driver_ms/source/impl_1/shftreg.sv.
WARNING - synthesis: Unexpected file name extension for Verilog file c:/users/msusanto/desktop/matrix_driver_ms-20231130t225944z-001/matrix_driver_ms/source/impl_1/spireceiver.sv.
WARNING - synthesis: Unexpected file name extension for Verilog file c:/users/msusanto/desktop/matrix_driver_ms-20231130t225944z-001/matrix_driver_ms/source/impl_1/controller.sv.
WARNING - synthesis: Unexpected file name extension for Verilog file c:/users/msusanto/desktop/matrix_driver_ms-20231130t225944z-001/matrix_driver_ms/source/impl_1/decoder.sv.
WARNING - synthesis: Unexpected file name extension for Verilog file c:/users/msusanto/desktop/matrix_driver_ms-20231130t225944z-001/matrix_driver_ms/source/impl_1/displaydriver.sv.
The -r option is OFF. [ Remove LOC Properties is OFF. ]
Compile design.
Compile Design Begin
Analyzing Verilog file c:/lscc/radiant/3.2/ip/pmi/pmi_ice40up.v. VERI-1482
INFO - synthesis: c:/lscc/radiant/3.2/ip/pmi/pmi_ice40up.v(1): analyzing included file c:/lscc/radiant/3.2/ip/pmi/pmi_addsub.v. VERI-1328
INFO - synthesis: c:/lscc/radiant/3.2/ip/pmi/pmi_addsub.v(40): analyzing included file c:/lscc/radiant/3.2/ip/pmi/../common/adder_subtractor/rtl/lscc_add_sub.v. VERI-1328
INFO - synthesis: c:/lscc/radiant/3.2/ip/pmi/pmi_ice40up.v(2): analyzing included file c:/lscc/radiant/3.2/ip/pmi/pmi_add.v. VERI-1328
INFO - synthesis: c:/lscc/radiant/3.2/ip/pmi/pmi_add.v(50): analyzing included file c:/lscc/radiant/3.2/ip/pmi/../common/adder/rtl/lscc_adder.v. VERI-1328
INFO - synthesis: c:/lscc/radiant/3.2/ip/pmi/pmi_ice40up.v(3): analyzing included file c:/lscc/radiant/3.2/ip/pmi/pmi_complex_mult.v. VERI-1328
INFO - synthesis: c:/lscc/radiant/3.2/ip/pmi/pmi_complex_mult.v(52): analyzing included file c:/lscc/radiant/3.2/ip/pmi/../common/complex_mult/rtl/lscc_complex_mult.v. VERI-1328
INFO - synthesis: c:/lscc/radiant/3.2/ip/pmi/pmi_ice40up.v(4): analyzing included file c:/lscc/radiant/3.2/ip/pmi/pmi_counter.v. VERI-1328
INFO - synthesis: c:/lscc/radiant/3.2/ip/pmi/pmi_counter.v(39): analyzing included file c:/lscc/radiant/3.2/ip/pmi/../common/counter/rtl/lscc_cntr.v. VERI-1328
INFO - synthesis: c:/lscc/radiant/3.2/ip/pmi/pmi_ice40up.v(5): analyzing included file c:/lscc/radiant/3.2/ip/pmi/pmi_fifo.v. VERI-1328
INFO - synthesis: c:/lscc/radiant/3.2/ip/pmi/pmi_fifo.v(44): analyzing included file c:/lscc/radiant/3.2/ip/pmi/../avant/fifo/rtl/lscc_fifo.v. VERI-1328
INFO - synthesis: c:/lscc/radiant/3.2/ip/pmi/pmi_ice40up.v(6): analyzing included file c:/lscc/radiant/3.2/ip/pmi/pmi_fifo_dc.v. VERI-1328
INFO - synthesis: c:/lscc/radiant/3.2/ip/pmi/pmi_fifo_dc.v(47): analyzing included file c:/lscc/radiant/3.2/ip/pmi/../avant/fifo_dc/rtl/lscc_fifo_dc.v. VERI-1328
INFO - synthesis: c:/lscc/radiant/3.2/ip/pmi/pmi_ice40up.v(7): analyzing included file c:/lscc/radiant/3.2/ip/pmi/pmi_mac.v. VERI-1328
INFO - synthesis: c:/lscc/radiant/3.2/ip/pmi/pmi_mac.v(52): analyzing included file c:/lscc/radiant/3.2/ip/pmi/../common/mult_accumulate/rtl/lscc_mult_accumulate.v. VERI-1328
INFO - synthesis: c:/lscc/radiant/3.2/ip/pmi/pmi_ice40up.v(8): analyzing included file c:/lscc/radiant/3.2/ip/pmi/pmi_multaddsubsum.v. VERI-1328
INFO - synthesis: c:/lscc/radiant/3.2/ip/pmi/pmi_multaddsubsum.v(53): analyzing included file c:/lscc/radiant/3.2/ip/pmi/../common/mult_add_sub_sum/rtl/lscc_mult_add_sub_sum.v. VERI-1328
INFO - synthesis: c:/lscc/radiant/3.2/ip/pmi/pmi_ice40up.v(9): analyzing included file c:/lscc/radiant/3.2/ip/pmi/pmi_multaddsub.v. VERI-1328
INFO - synthesis: c:/lscc/radiant/3.2/ip/pmi/pmi_multaddsub.v(52): analyzing included file c:/lscc/radiant/3.2/ip/pmi/../common/mult_add_sub/rtl/lscc_mult_add_sub.v. VERI-1328
INFO - synthesis: c:/lscc/radiant/3.2/ip/pmi/pmi_ice40up.v(10): analyzing included file c:/lscc/radiant/3.2/ip/pmi/pmi_mult.v. VERI-1328
INFO - synthesis: c:/lscc/radiant/3.2/ip/pmi/pmi_mult.v(51): analyzing included file c:/lscc/radiant/3.2/ip/pmi/../common/multiplier/rtl/lscc_multiplier.v. VERI-1328
INFO - synthesis: c:/lscc/radiant/3.2/ip/pmi/pmi_ice40up.v(11): analyzing included file c:/lscc/radiant/3.2/ip/pmi/pmi_ram_dp.v. VERI-1328
INFO - synthesis: c:/lscc/radiant/3.2/ip/pmi/pmi_ram_dp.v(48): analyzing included file c:/lscc/radiant/3.2/ip/pmi/../avant/ram_dp/rtl/lscc_ram_dp.v. VERI-1328
INFO - synthesis: c:/lscc/radiant/3.2/ip/pmi/pmi_ice40up.v(12): analyzing included file c:/lscc/radiant/3.2/ip/pmi/pmi_ram_dq.v. VERI-1328
INFO - synthesis: c:/lscc/radiant/3.2/ip/pmi/pmi_ram_dq.v(45): analyzing included file c:/lscc/radiant/3.2/ip/pmi/../avant/ram_dq/rtl/lscc_ram_dq.v. VERI-1328
INFO - synthesis: c:/lscc/radiant/3.2/ip/pmi/pmi_ice40up.v(13): analyzing included file c:/lscc/radiant/3.2/ip/pmi/pmi_rom.v. VERI-1328
INFO - synthesis: c:/lscc/radiant/3.2/ip/pmi/pmi_rom.v(45): analyzing included file c:/lscc/radiant/3.2/ip/pmi/../avant/rom/rtl/lscc_rom.v. VERI-1328
INFO - synthesis: c:/lscc/radiant/3.2/ip/pmi/pmi_ice40up.v(14): analyzing included file c:/lscc/radiant/3.2/ip/pmi/pmi_sub.v. VERI-1328
INFO - synthesis: c:/lscc/radiant/3.2/ip/pmi/pmi_sub.v(50): analyzing included file c:/lscc/radiant/3.2/ip/pmi/../common/subtractor/rtl/lscc_subtractor.v. VERI-1328
INFO - synthesis: c:/lscc/radiant/3.2/ip/pmi/pmi_ice40up.v(15): analyzing included file c:/lscc/radiant/3.2/ip/pmi/pmi_ram_dp_be.v. VERI-1328
INFO - synthesis: c:/lscc/radiant/3.2/ip/pmi/pmi_ram_dp_be.v(49): analyzing included file c:/lscc/radiant/3.2/ip/pmi/../avant/ram_dp/rtl/lscc_ram_dp.v. VERI-1328
INFO - synthesis: c:/lscc/radiant/3.2/ip/pmi/pmi_ice40up.v(16): analyzing included file c:/lscc/radiant/3.2/ip/pmi/pmi_ram_dq_be.v. VERI-1328
INFO - synthesis: c:/lscc/radiant/3.2/ip/pmi/pmi_ram_dq_be.v(45): analyzing included file c:/lscc/radiant/3.2/ip/pmi/../avant/ram_dq/rtl/lscc_ram_dq.v. VERI-1328
INFO - synthesis: c:/lscc/radiant/3.2/ip/pmi/pmi_ice40up.v(17): analyzing included file c:/lscc/radiant/3.2/ip/pmi/pmi_dsp.v. VERI-1328
Analyzing Verilog file c:/users/msusanto/desktop/matrix_driver_ms-20231130t225944z-001/matrix_driver_ms/source/impl_1/writedisplay.sv. VERI-1482
Analyzing Verilog file c:/users/msusanto/desktop/matrix_driver_ms-20231130t225944z-001/matrix_driver_ms/source/impl_1/counter.sv. VERI-1482
Analyzing Verilog file c:/users/msusanto/desktop/matrix_driver_ms-20231130t225944z-001/matrix_driver_ms/source/impl_1/shftreg.sv. VERI-1482
Analyzing Verilog file c:/users/msusanto/desktop/matrix_driver_ms-20231130t225944z-001/matrix_driver_ms/source/impl_1/spireceiver.sv. VERI-1482
Analyzing Verilog file c:/users/msusanto/desktop/matrix_driver_ms-20231130t225944z-001/matrix_driver_ms/source/impl_1/controller.sv. VERI-1482
Analyzing Verilog file c:/users/msusanto/desktop/matrix_driver_ms-20231130t225944z-001/matrix_driver_ms/source/impl_1/decoder.sv. VERI-1482
Analyzing Verilog file c:/users/msusanto/desktop/matrix_driver_ms-20231130t225944z-001/matrix_driver_ms/source/impl_1/displaydriver.sv. VERI-1482
Analyzing VHDL file c:/lscc/radiant/3.2/ip/pmi/pmi_ice40up.vhd. VHDL-1481
Analyzing VHDL file c:/lscc/radiant/3.2/ip/pmi/pmi_ice40up.vhd

INFO - synthesis: c:/lscc/radiant/3.2/ip/pmi/pmi_ice40up.vhd(4): analyzing package components. VHDL-1014
INFO - synthesis: The default VHDL library search path is now "C:/Users/msusanto/Desktop/matrix_driver_ms-20231130T225944Z-001/matrix_driver_ms/impl_1". VHDL-1504
Top module language type = Verilog.
Top module name (Verilog, mixed language): displaydriver_top
INFO - synthesis: c:/users/msusanto/desktop/matrix_driver_ms-20231130t225944z-001/matrix_driver_ms/source/impl_1/displaydriver.sv(2): compiling module displaydriver_top. VERI-1018
INFO - synthesis: c:/users/msusanto/desktop/matrix_driver_ms-20231130t225944z-001/matrix_driver_ms/source/impl_1/displaydriver.sv(30): compiling module displaydriver. VERI-1018
WARNING - synthesis: c:/users/msusanto/desktop/matrix_driver_ms-20231130t225944z-001/matrix_driver_ms/source/impl_1/displaydriver.sv(54): expression size 2 truncated to fit in target size 1. VERI-1209
INFO - synthesis: c:/users/msusanto/desktop/matrix_driver_ms-20231130t225944z-001/matrix_driver_ms/source/impl_1/spireceiver.sv(1): compiling module spireceiver. VERI-1018
INFO - synthesis: c:/users/msusanto/desktop/matrix_driver_ms-20231130t225944z-001/matrix_driver_ms/source/impl_1/decoder.sv(1): compiling module decoder. VERI-1018
INFO - synthesis: c:/users/msusanto/desktop/matrix_driver_ms-20231130t225944z-001/matrix_driver_ms/source/impl_1/writedisplay.sv(1): compiling module writedisplay. VERI-1018
INFO - synthesis: c:/users/msusanto/desktop/matrix_driver_ms-20231130t225944z-001/matrix_driver_ms/source/impl_1/counter.sv(1): compiling module upcntr(N=2). VERI-1018
INFO - synthesis: c:/users/msusanto/desktop/matrix_driver_ms-20231130t225944z-001/matrix_driver_ms/source/impl_1/shftreg.sv(3): compiling module shftreg. VERI-1018
INFO - synthesis: c:/users/msusanto/desktop/matrix_driver_ms-20231130t225944z-001/matrix_driver_ms/source/impl_1/controller.sv(1): compiling module controller. VERI-1018
WARNING - synthesis: c:/users/msusanto/desktop/matrix_driver_ms-20231130t225944z-001/matrix_driver_ms/source/impl_1/controller.sv(57): expression size 5 truncated to fit in target size 4. VERI-1209
INFO - synthesis: c:/users/msusanto/desktop/matrix_driver_ms-20231130t225944z-001/matrix_driver_ms/source/impl_1/counter.sv(14): compiling module dwncntr. VERI-1018
INFO - synthesis: c:/users/msusanto/desktop/matrix_driver_ms-20231130t225944z-001/matrix_driver_ms/source/impl_1/counter.sv(1): compiling module upcntr. VERI-1018
                                                         


### Number of Logic Cells: 5280


### Number of RAM Blocks: 30


### Number of DSP Blocks: 8


### Number of PLLs: 1


### Number of IO Pins: 61


##########################################################


                                                         


INFO - synthesis: Extracted state machine for register '\dd/ucnt/cnt' with one-hot encoding
State machine has 8 reachable states with original encodings of:

 000 

 001 

 010 

 011 

 100 

 101 

 110 

 111 

original encoding -> new encoding (one-hot encoding)

 000 -> 00000001

 001 -> 00000010

 010 -> 00000100

 011 -> 00001000

 100 -> 00010000

 101 -> 00100000

 110 -> 01000000

 111 -> 10000000

INFO - synthesis: Safe logic for state machine with register '\dd/ucnt/cnt' will be inferred
INFO - synthesis: Extracted state machine for register '\dd/wd/state' with one-hot encoding
State machine has 3 reachable states with original encodings of:

 000 

 001 

 010 

original encoding -> new encoding (one-hot encoding)

 000 -> 001

 001 -> 010

 010 -> 100

INFO - synthesis: Safe logic for state machine with register '\dd/wd/state' will be inferred
INFO - synthesis: Extracted state machine for register '\dd/cn/state' with one-hot encoding
State machine has 11 reachable states with original encodings of:

 00000 

 00001 

 00010 

 00011 

 00100 

 00101 

 00110 

 00111 

 01000 

 01001 

 01010 

original encoding -> new encoding (one-hot encoding)

 00000 -> 00000000001

 00001 -> 00000000010

 00010 -> 00000000100

 00011 -> 00000001000

 00100 -> 00000010000

 00101 -> 00000100000

 00110 -> 00001000000

 00111 -> 00010000000

 01000 -> 00100000000

 01001 -> 01000000000

 01010 -> 10000000000

INFO - synthesis: Safe logic for state machine with register '\dd/cn/state' will be inferred
INFO - synthesis: Extracted state machine for register '\dd/wd/sr/state' with one-hot encoding
State machine has 3 reachable states with original encodings of:

 000 

 001 

 010 

original encoding -> new encoding (one-hot encoding)

 000 -> 001

 001 -> 010

 010 -> 100

INFO - synthesis: Safe logic for state machine with register '\dd/wd/sr/state' will be inferred



INFO - synthesis: Special Primitives IFD1P3AZ and OFD1P3AZ for ThunderPlus are synthesized using IOL_B.

################### Begin Area Report (displaydriver_top)######################
Number of register bits => 78 of 5280 (1 % )
CCU2 => 18
FD1P3XZ => 78
IB => 5
INV => 1
IOL_B => 1
LUT4 => 141
OB => 9
################### End Area Report ##################
Number of odd-length carry chains : 1
Number of even-length carry chains : 3

################### Begin Clock Report ######################
Clock Nets
Number of Clocks: 4
  Net : clk_c, loads : 0
  Net : dd/dclk, loads : 1
  Net : counter[4], loads : 1
  Net : sck_c, loads : 0
Clock Enable Nets
Number of Clock Enables: 0
Highest fanout non-clock nets
Top 10 highest fanout non-clock nets:
  Net : cen_c, loads : 20
  Net : dd/cn/init, loads : 16
  Net : dd/spi/msg[6], loads : 16
  Net : d1_13__N_232, loads : 15
  Net : dd/spi/msg[15], loads : 14
  Net : dd/wd/sr/n883, loads : 14
  Net : dd/spi/msg[4], loads : 12
  Net : dd/dc/chp3_13__N_130, loads : 12
  Net : dd/cn/state_FSM_illegal, loads : 11
  Net : dd/cn/nextstate_4__N_270, loads : 11
################### End Clock Report ##################

Peak Memory Usage: 89 MB

--------------------------------------------------------------
Total CPU Time: 1 secs 
Total REAL Time: 5 secs 
--------------------------------------------------------------
